0 info it worked if it ends with ok
1 verbose cli [ '/usr/local/Cellar/node/7.2.1/bin/node',
1 verbose cli   '/Users/nicoloscarpa/.npm-packages/bin/npm',
1 verbose cli   'run',
1 verbose cli   'commit' ]
2 info using npm@4.0.3
3 info using node@v7.2.1
4 verbose run-script [ 'precommit', 'commit', 'postcommit' ]
5 info lifecycle starwars-names_freelands@0.0.0-development~precommit: starwars-names_freelands@0.0.0-development
6 silly lifecycle starwars-names_freelands@0.0.0-development~precommit: no script for precommit, continuing
7 info lifecycle starwars-names_freelands@0.0.0-development~commit: starwars-names_freelands@0.0.0-development
8 verbose lifecycle starwars-names_freelands@0.0.0-development~commit: unsafe-perm in lifecycle true
9 verbose lifecycle starwars-names_freelands@0.0.0-development~commit: PATH: /Users/nicoloscarpa/.npm-packages/lib/node_modules/npm/bin/node-gyp-bin:/Users/nicoloscarpa/Desktop/starwars-names_freelands/node_modules/.bin:/opt/local/bin:/opt/local/sbin:/usr/local/zend/bin:/Users/nicoloscarpa/local/bin:/Users/nicoloscarpa/.npm-packages/bin:/usr/local/bin:/usr/local/sbin:/Users/nicoloscarpa/Library/Android/sdk/tools:/usr/local/bin:/usr/bin:/bin:/usr/sbin:/sbin
10 verbose lifecycle starwars-names_freelands@0.0.0-development~commit: CWD: /Users/nicoloscarpa/Desktop/starwars-names_freelands
11 silly lifecycle starwars-names_freelands@0.0.0-development~commit: Args: [ '-c', 'git-cz' ]
12 silly lifecycle starwars-names_freelands@0.0.0-development~commit: Returned: code: 1  signal: null
13 info lifecycle starwars-names_freelands@0.0.0-development~commit: Failed to exec commit script
14 verbose stack Error: starwars-names_freelands@0.0.0-development commit: `git-cz`
14 verbose stack Exit status 1
14 verbose stack     at EventEmitter.<anonymous> (/Users/nicoloscarpa/.npm-packages/lib/node_modules/npm/lib/utils/lifecycle.js:279:16)
14 verbose stack     at emitTwo (events.js:106:13)
14 verbose stack     at EventEmitter.emit (events.js:191:7)
14 verbose stack     at ChildProcess.<anonymous> (/Users/nicoloscarpa/.npm-packages/lib/node_modules/npm/lib/utils/spawn.js:40:14)
14 verbose stack     at emitTwo (events.js:106:13)
14 verbose stack     at ChildProcess.emit (events.js:191:7)
14 verbose stack     at maybeClose (internal/child_process.js:885:16)
14 verbose stack     at Process.ChildProcess._handle.onexit (internal/child_process.js:226:5)
15 verbose pkgid starwars-names_freelands@0.0.0-development
16 verbose cwd /Users/nicoloscarpa/Desktop/starwars-names_freelands
17 error Darwin 16.3.0
18 error argv "/usr/local/Cellar/node/7.2.1/bin/node" "/Users/nicoloscarpa/.npm-packages/bin/npm" "run" "commit"
19 error node v7.2.1
20 error npm  v4.0.3
21 error code ELIFECYCLE
22 error starwars-names_freelands@0.0.0-development commit: `git-cz`
22 error Exit status 1
23 error Failed at the starwars-names_freelands@0.0.0-development commit script 'git-cz'.
23 error Make sure you have the latest version of node.js and npm installed.
23 error If you do, this is most likely a problem with the starwars-names_freelands package,
23 error not with npm itself.
23 error Tell the author that this fails on your system:
23 error     git-cz
23 error You can get information on how to open an issue for this project with:
23 error     npm bugs starwars-names_freelands
23 error Or if that isn't available, you can get their info via:
23 error     npm owner ls starwars-names_freelands
23 error There is likely additional logging output above.
24 verbose exit [ 1, true ]
